app/proguard-rules.pro
-keep class eu.cyben.guard.data.models.** { *; }
-keep class eu.cyben.guard.data.api.** { *; }
-keepattributes Signature
-keepattributes *Annotation*
-dontwarn okhttp3.**
-dontwarn retrofit2.**