app/build/outputs/mapping/release/configuration.txt
# The proguard configuration file for the following section is default_proguard_files/global/proguard-android-optimize.txt-8.3.0
# This is a configuration file for ProGuard.
# http://proguard.sourceforge.net/index.html#manual/usage.html
#
# Starting with version 2.2 of the Android plugin for Gradle, this file is distributed together with
# the plugin and unpacked at build-time. The files in $ANDROID_HOME are no longer maintained and
# will be ignored by new version of the Android plugin for Gradle.

# Optimizations: If you don't want to optimize, use the proguard-android.txt configuration file
# instead of this one, which turns off the optimization flags.
-allowaccessmodification

# Preserve some attributes that may be required for reflection.
-keepattributes AnnotationDefault,
                EnclosingMethod,
                InnerClasses,
                RuntimeVisibleAnnotations,
                RuntimeVisibleParameterAnnotations,
                RuntimeVisibleTypeAnnotations,
                Signature

-keep public class com.google.vending.licensing.ILicensingService
-keep public class com.android.vending.licensing.ILicensingService
-keep public class com.google.android.vending.licensing.ILicensingService
-dontnote com.android.vending.licensing.ILicensingService
-dontnote com.google.vending.licensing.ILicensingService
-dontnote com.google.android.vending.licensing.ILicensingService

# For native methods, see https://www.guardsquare.com/manual/configuration/examples#native
-keepclasseswithmembernames,includedescriptorclasses class * {
    native <methods>;
}

# Keep setters in Views so that animations can still work.
-keepclassmembers public class * extends android.view.View {
    void set*(***);
    *** get*();
}

# We want to keep methods in Activity that could be used in the XML attribute onClick.
-keepclassmembers class * extends android.app.Activity {
    public void *(android.view.View);
}

# For enumeration classes, see https://www.guardsquare.com/manual/configuration/examples#enumerations
-keepclassmembers enum * {
    public static **[] values();
    public static ** valueOf(java.lang.String);
}

-keepclassmembers class * implements android.os.Parcelable {
    public static final ** CREATOR;
}

# Preserve annotated Javascript interface methods.
-keepclassmembers class * {
    @android.webkit.JavascriptInterface <methods>;
}

# The support libraries contains references to newer platform versions.
# Don't warn about those in case this app is linking against an older
# platform version. We know about them, and they are safe.
-dontnote android.support.**
-dontnote androidx.**
-dontwarn android.support.**
-dontwarn androidx.**

# Understand the @Keep support annotation.
-keep class android.support.annotation.Keep

-keep @android.support.annotation.Keep class * {*;}

-keepclasseswithmembers class * {
    @android.support.annotation.Keep <methods>;
}

-keepclasseswithmembers class * {
    @android.support.annotation.Keep <fields>;
}

-keepclasseswithmembers class * {
    @android.support.annotation.Keep <init>(...);
}

# These classes are duplicated between android.jar and org.apache.http.legacy.jar.
-dontnote org.apache.http.**
-dontnote android.net.http.**

# These classes are duplicated between android.jar and core-lambda-stubs.jar.
-dontnote java.lang.invoke.**

# End of content from default_proguard_files/global/proguard-android-optimize.txt-8.3.0
# The proguard configuration file for the following section is cyben/app/proguard-rules.pro
-keep class eu.cyben.guard.data.models.** { *; }
-keep class eu.cyben.guard.data.api.** { *; }
-keepattributes Signature
-keepattributes *Annotation*
-dontwarn okhttp3.**
-dontwarn retrofit2.**

# End of content from cyben/app/proguard-rules.pro
# The proguard configuration file for the following section is release/processReleaseResources/aapt_rules.txt
-keep class androidx.camera.core.impl.MetadataHolderService { <init>(); }
-keep class androidx.core.app.CoreComponentFactory { <init>(); }
-keep class androidx.profileinstaller.ProfileInstallReceiver { <init>(); }
-keep class androidx.startup.InitializationProvider { <init>(); }
-keep class com.google.android.datatransport.runtime.backends.TransportBackendDiscovery { <init>(); }
-keep class com.google.android.datatransport.runtime.scheduling.jobscheduling.AlarmManagerSchedulerBroadcastReceiver { <init>(); }
-keep class com.google.android.datatransport.runtime.scheduling.jobscheduling.JobInfoSchedulerService { <init>(); }
-keep class com.google.android.gms.common.api.GoogleApiActivity { <init>(); }
-keep class com.google.android.gms.measurement.AppMeasurementJobService { <init>(); }
-keep class com.google.android.gms.measurement.AppMeasurementReceiver { <init>(); }
-keep class com.google.android.gms.measurement.AppMeasurementService { <init>(); }
-keep class com.google.firebase.components.ComponentDiscoveryService { <init>(); }
-keep class com.google.firebase.iid.FirebaseInstanceIdReceiver { <init>(); }
-keep class com.google.firebase.messaging.FirebaseMessagingService { <init>(); }
-keep class com.google.firebase.provider.FirebaseInitProvider { <init>(); }
-keep class com.google.mlkit.common.internal.MlKitComponentDiscoveryService { <init>(); }
-keep class com.google.mlkit.common.internal.MlKitInitProvider { <init>(); }
-keep class eu.cyben.guard.CybenGuardApp { <init>(); }
-keep class eu.cyben.guard.receiver.SmsReceiver { <init>(); }
-keep class eu.cyben.guard.service.GuardCallScreeningService { <init>(); }
-keep class eu.cyben.guard.ui.auth.EmailVerificationActivity { <init>(); }
-keep class eu.cyben.guard.ui.auth.LoginActivity { <init>(); }
-keep class eu.cyben.guard.ui.auth.RegisterActivity { <init>(); }
-keep class eu.cyben.guard.ui.breach.BreachMonitorActivity { <init>(); }
-keep class eu.cyben.guard.ui.dashboard.DashboardActivity { <init>(); }
-keep class eu.cyben.guard.ui.settings.AnalysisHistoryActivity { <init>(); }
-keep class eu.cyben.guard.ui.settings.SettingsActivity { <init>(); }
-keep class eu.cyben.guard.ui.subscription.SubscriptionActivity { <init>(); }
-keep class eu.cyben.guard.ui.vpn.VPNActivity { <init>(); }
-keep class android.widget.Space { <init>(android.content.Context, android.util.AttributeSet); }

-keep class androidx.appcompat.app.AlertController$RecycleListView { <init>(android.content.Context, android.util.AttributeSet); }

-keep class androidx.appcompat.view.menu.ActionMenuItemView { <init>(android.content.Context, android.util.AttributeSet); }

-keep class androidx.appcompat.view.menu.ExpandedMenuView { <init>(android.content.Context, android.util.AttributeSet); }

-keep class androidx.appcompat.view.menu.ListMenuItemView { <init>(android.content.Context, android.util.AttributeSet); }

-keep class androidx.appcompat.widget.ActionBarContainer { <init>(android.content.Context, android.util.AttributeSet); }

-keep class androidx.appcompat.widget.ActionBarContextView { <init>(android.content.Context, android.util.AttributeSet); }

-keep class androidx.appcompat.widget.ActionBarOverlayLayout { <init>(android.content.Context, android.util.AttributeSet); }

-keep class androidx.appcompat.widget.ActionMenuView { <init>(android.content.Context, android.util.AttributeSet); }

-keep class androidx.appcompat.widget.ActivityChooserView$InnerLayout { <init>(android.content.Context, android.util.AttributeSet); }

-keep class androidx.appcompat.widget.AlertDialogLayout { <init>(android.content.Context, android.util.AttributeSet); }

-keep class androidx.appcompat.widget.ButtonBarLayout { <init>(android.content.Context, android.util.AttributeSet); }

-keep class androidx.appcompat.widget.ContentFrameLayout { <init>(android.content.Context, android.util.AttributeSet); }

-keep class androidx.appcompat.widget.DialogTitle { <init>(android.content.Context, android.util.AttributeSet); }

-keep class androidx.appcompat.widget.FitWindowsFrameLayout { <init>(android.content.Context, android.util.AttributeSet); }

-keep class androidx.appcompat.widget.FitWindowsLinearLayout { <init>(android.content.Context, android.util.AttributeSet); }

-keep class androidx.appcompat.widget.SearchView$SearchAutoComplete { <init>(android.content.Context, android.util.AttributeSet); }

-keep class androidx.appcompat.widget.Toolbar { <init>(android.content.Context, android.util.AttributeSet); }

-keep class androidx.appcompat.widget.ViewStubCompat { <init>(android.content.Context, android.util.AttributeSet); }

-keep class androidx.constraintlayout.helper.widget.Flow { <init>(android.content.Context, android.util.AttributeSet); }

-keep class androidx.constraintlayout.widget.ConstraintLayout { <init>(android.content.Context, android.util.AttributeSet); }

-keep class androidx.coordinatorlayout.widget.CoordinatorLayout { <init>(android.content.Context, android.util.AttributeSet); }

-keep class androidx.core.widget.NestedScrollView { <init>(android.content.Context, android.util.AttributeSet); }

-keep class androidx.fragment.app.FragmentContainerView { <init>(android.content.Context, android.util.AttributeSet); }

-keep class androidx.recyclerview.widget.RecyclerView { <init>(android.content.Context, android.util.AttributeSet); }

-keep class com.google.android.material.appbar.MaterialToolbar { <init>(android.content.Context, android.util.AttributeSet); }

-keep class com.google.android.material.button.MaterialButton { <init>(android.content.Context, android.util.AttributeSet); }

-keep class com.google.android.material.button.MaterialButtonToggleGroup { <init>(android.content.Context, android.util.AttributeSet); }

-keep class com.google.android.material.chip.Chip { <init>(android.content.Context, android.util.AttributeSet); }

-keep class com.google.android.material.datepicker.MaterialCalendarGridView { <init>(android.content.Context, android.util.AttributeSet); }

-keep class com.google.android.material.internal.BaselineLayout { <init>(android.content.Context, android.util.AttributeSet); }

-keep class com.google.android.material.internal.CheckableImageButton { <init>(android.content.Context, android.util.AttributeSet); }

-keep class com.google.android.material.internal.ClippableRoundedCornerLayout { <init>(android.content.Context, android.util.AttributeSet); }

-keep class com.google.android.material.internal.NavigationMenuItemView { <init>(android.content.Context, android.util.AttributeSet); }

-keep class com.google.android.material.internal.NavigationMenuView { <init>(android.content.Context, android.util.AttributeSet); }

-keep class com.google.android.material.internal.TouchObserverFrameLayout { <init>(android.content.Context, android.util.AttributeSet); }

-keep class com.google.android.material.snackbar.Snackbar$SnackbarLayout { <init>(android.content.Context, android.util.AttributeSet); }

-keep class com.google.android.material.snackbar.SnackbarContentLayout { <init>(android.content.Context, android.util.AttributeSet); }

-keep class com.google.android.material.textfield.TextInputEditText { <init>(android.content.Context, android.util.AttributeSet); }

-keep class com.google.android.material.textfield.TextInputLayout { <init>(android.content.Context, android.util.AttributeSet); }

-keep class com.google.android.material.timepicker.ChipTextInputComboView { <init>(android.content.Context, android.util.AttributeSet); }

-keep class com.google.android.material.timepicker.ClockFaceView { <init>(android.content.Context, android.util.AttributeSet); }

-keep class com.google.android.material.timepicker.ClockHandView { <init>(android.content.Context, android.util.AttributeSet); }

-keep class com.google.android.material.timepicker.TimePickerView { <init>(android.content.Context, android.util.AttributeSet); }


# End of content from release/processReleaseResources/aapt_rules.txt
# The proguard configuration file for the following section is transformed/material-1.11.0/proguard.txt
# Copyright (C) 2015 The Android Open Source Project
#
# Licensed under the Apache License, Version 2.0 (the "License");
# you may not use this file except in compliance with the License.
# You may obtain a copy of the License at
#
#      http://www.apache.org/licenses/LICENSE-2.0
#
# Unless required by applicable law or agreed to in writing, software
# distributed under the License is distributed on an "AS IS" BASIS,
# WITHOUT WARRANTIES OR CONDITIONS OF ANY KIND, either express or implied.
# See the License for the specific language governing permissions and
# limitations under the License.

# CoordinatorLayout resolves the behaviors of its child components with reflection.
-keep public class * extends androidx.coordinatorlayout.widget.CoordinatorLayout$Behavior {
    public <init>(android.content.Context, android.util.AttributeSet);
    public <init>();
}

# Make sure we keep annotations for CoordinatorLayout's DefaultBehavior
-keepattributes RuntimeVisible*Annotation*

# Copyright (C) 2018 The Android Open Source Project
#
# Licensed under the Apache License, Version 2.0 (the "License");
# you may not use this file except in compliance with the License.
# You may obtain a copy of the License at
#
#      http://www.apache.org/licenses/LICENSE-2.0
#
# Unless required by applicable law or agreed to in writing, software
# distributed under the License is distributed on an "AS IS" BASIS,
# WITHOUT WARRANTIES OR CONDITIONS OF ANY KIND, either express or implied.
# See the License for the specific language governing permissions and
# limitations under the License.

# AppCompatViewInflater reads the viewInflaterClass theme attribute which then
# reflectively instantiates MaterialComponentsViewInflater using the no-argument
# constructor. We only need to keep this constructor and the class name if
# AppCompatViewInflater is also being kept.
-if class androidx.appcompat.app.AppCompatViewInflater
-keep class com.google.android.material.theme.MaterialComponentsViewInflater {
    <init>();
}


# End of content from transformed/material-1.11.0/proguard.txt
# The proguard configuration file for the following section is transformed/camera-core-1.3.1/proguard.txt
# Copyright (C) 2023 The Android Open Source Project
#
# Licensed under the Apache License, Version 2.0 (the "License");
# you may not use this file except in compliance with the License.
# You may obtain a copy of the License at
#
#      http://www.apache.org/licenses/LICENSE-2.0
#
# Unless required by applicable law or agreed to in writing, software
# distributed under the License is distributed on an "AS IS" BASIS,
# WITHOUT WARRANTIES OR CONDITIONS OF ANY KIND, either express or implied.
# See the License for the specific language governing permissions and
# limitations under the License.

# Keeps the quirk classes to prevent them from being merged incorrectly. For more information,
# please see b/278818703.
-keep,allowobfuscation,allowshrinking class ** implements androidx.camera.core.impl.Quirk

# End of content from transformed/camera-core-1.3.1/proguard.txt
# The proguard configuration file for the following section is transformed/camera-camera2-1.3.1/proguard.txt
# Copyright (C) 2020 The Android Open Source Project
#
# Licensed under the Apache License, Version 2.0 (the "License");
# you may not use this file except in compliance with the License.
# You may obtain a copy of the License at
#
#      http://www.apache.org/licenses/LICENSE-2.0
#
# Unless required by applicable law or agreed to in writing, software
# distributed under the License is distributed on an "AS IS" BASIS,
# WITHOUT WARRANTIES OR CONDITIONS OF ANY KIND, either express or implied.
# See the License for the specific language governing permissions and
# limitations under the License.

# This is necessary for default initialization using Camera2Config
-keep public class androidx.camera.camera2.Camera2Config$DefaultProvider { *; }

# End of content from transformed/camera-camera2-1.3.1/proguard.txt
# The proguard configuration file for the following section is transformed/appcompat-1.6.1/proguard.txt
# Copyright (C) 2018 The Android Open Source Project
#
# Licensed under the Apache License, Version 2.0 (the "License");
# you may not use this file except in compliance with the License.
# You may obtain a copy of the License at
#
#      http://www.apache.org/licenses/LICENSE-2.0
#
# Unless required by applicable law or agreed to in writing, software
# distributed under the License is distributed on an "AS IS" BASIS,
# WITHOUT WARRANTIES OR CONDITIONS OF ANY KIND, either express or implied.
# See the License for the specific language governing permissions and
# limitations under the License.

# aapt is not able to read app::actionViewClass and app:actionProviderClass to produce proguard
# keep rules. Add a commonly used SearchView to the keep list until b/109831488 is resolved.
-keep class androidx.appcompat.widget.SearchView { <init>(...); }

# Never inline methods, but allow shrinking and obfuscation.
-keepclassmembernames,allowobfuscation,allowshrinking class androidx.appcompat.widget.AppCompatTextViewAutoSizeHelper$Impl* {
  <methods>;
}

# End of content from transformed/appcompat-1.6.1/proguard.txt
# The proguard configuration file for the following section is transformed/hilt-android-2.51/proguard.txt
# Keep for the reflective cast done in EntryPoints.
# See b/183070411#comment4 for more info.
-keep,allowobfuscation,allowshrinking @dagger.hilt.EntryPoint class *# Keep for the reflective cast done in EntryPoints.
# See b/183070411#comment4 for more info.
-keep,allowobfuscation,allowshrinking @dagger.hilt.android.EarlyEntryPoint class *# Keep for the reflective cast done in EntryPoints.
# See b/183070411#comment4 for more info.
-keep,allowobfuscation,allowshrinking @dagger.hilt.internal.ComponentEntryPoint class *
-keep,allowobfuscation,allowshrinking @dagger.hilt.internal.GeneratedEntryPoint class *
# End of content from transformed/hilt-android-2.51/proguard.txt
# The proguard configuration file for the following section is transformed/recyclerview-1.3.2/proguard.txt
# Copyright (C) 2015 The Android Open Source Project
#
# Licensed under the Apache License, Version 2.0 (the "License");
# you may not use this file except in compliance with the License.
# You may obtain a copy of the License at
#
#      http://www.apache.org/licenses/LICENSE-2.0
#
# Unless required by applicable law or agreed to in writing, software
# distributed under the License is distributed on an "AS IS" BASIS,
# WITHOUT WARRANTIES OR CONDITIONS OF ANY KIND, either express or implied.
# See the License for the specific language governing permissions and
# limitations under the License.

# When layoutManager xml attribute is used, RecyclerView inflates
#LayoutManagers' constructors using reflection.
-keep public class * extends androidx.recyclerview.widget.RecyclerView$LayoutManager {
    public <init>(android.content.Context, android.util.AttributeSet, int, int);
    public <init>();
}

-keepclassmembers class androidx.recyclerview.widget.RecyclerView {
    public void suppressLayout(boolean);
    public boolean isLayoutSuppressed();
}
# End of content from transformed/recyclerview-1.3.2/proguard.txt
# The proguard configuration file for the following section is transformed/barcode-scanning-17.2.0/proguard.txt
# We keep all fields for every generated proto file as the runtime uses
# reflection over them that ProGuard cannot detect. Without this keep
# rule, fields may be removed that would cause runtime failures.
-keepclassmembers class * extends com.google.android.gms.internal.mlkit_vision_barcode_bundled.zzed {
  <fields>;
}

# This prevents the names of native methods from being obfuscated and prevents
# UnsatisfiedLinkErrors.
-keepclasseswithmembernames class * {
    native <methods>;
}

# End of content from transformed/barcode-scanning-17.2.0/proguard.txt
# The proguard configuration file for the following section is transformed/common-18.9.0/proguard.txt
# Annotations are implemented as attributes, so we have to explicitly keep them.