app/build/outputs/mapping/release/seeds.txt
eu.cyben.guard.ui.breach.BreachMonitorActivity
eu.cyben.guard.ui.settings.AnalysisHistoryActivity_GeneratedInjector
eu.cyben.guard.data.api.OkResponse
eu.cyben.guard.ui.auth.RegisterActivity_GeneratedInjector
eu.cyben.guard.data.models.ProhmedConsultResponse
eu.cyben.guard.data.api.ApiService
eu.cyben.guard.ui.breach.BreachMonitorActivity_GeneratedInjector
eu.cyben.guard.data.api.RegisterRequest
eu.cyben.guard.ui.subscription.SubscriptionActivity
eu.cyben.guard.data.models.ProhmedActivateResponse
eu.cyben.guard.data.models.BreachInfo
eu.cyben.guard.data.models.ChatMessage
eu.cyben.guard.data.models.GuardMonitoredEmail
eu.cyben.guard.data.api.ApiModule_ProvideOkHttpClientFactory
eu.cyben.guard.data.models.BillingPortalResponse
eu.cyben.guard.receiver.SmsReceiver
eu.cyben.guard.data.api.SOSRequest
eu.cyben.guard.data.models.ProhmedStatus
eu.cyben.guard.ui.vpn.VPNActivity_GeneratedInjector
eu.cyben.guard.data.api.EmailRequest
eu.cyben.guard.data.models.GuardBreachAlert
eu.cyben.guard.ui.auth.LoginActivity
eu.cyben.guard.ui.auth.RegisterActivity
eu.cyben.guard.ui.subscription.SubscriptionActivity_GeneratedInjector
eu.cyben.guard.data.api.HumanRequest
eu.cyben.guard.data.models.GuardUser
eu.cyben.guard.CybenGuardApp
eu.cyben.guard.data.models.CriticalRequestResponse
eu.cyben.guard.data.api.AddEmailRequest
eu.cyben.guard.service.GuardCallScreeningService
eu.cyben.guard.data.models.BreachCheckResponse
eu.cyben.guard.ui.settings.AnalysisHistoryActivity
eu.cyben.guard.data.api.AnalyzeRequest
eu.cyben.guard.data.models.SubscribeResponse
eu.cyben.guard.ui.settings.SettingsActivity
eu.cyben.guard.data.models.GuardAuthResponse
eu.cyben.guard.data.api.ImageAnalyzeRequest
eu.cyben.guard.ui.auth.EmailVerificationActivity_GeneratedInjector
eu.cyben.guard.data.models.ProhmedActivateRequest
eu.cyben.guard.ui.settings.SettingsActivity_GeneratedInjector
eu.cyben.guard.data.api.LoginRequest
eu.cyben.guard.data.models.HumanRequestResponse
eu.cyben.guard.data.api.ApiModule_ProvideApiServiceFactory
eu.cyben.guard.data.models.VPNDnsStats
eu.cyben.guard.ui.auth.EmailVerificationActivity
eu.cyben.guard.data.models.ProhmedConsult
eu.cyben.guard.data.models.SyncResponse
eu.cyben.guard.ui.auth.LoginActivity_GeneratedInjector
eu.cyben.guard.data.models.VPNCredentials
eu.cyben.guard.data.models.GuardAnalysis
eu.cyben.guard.ui.vpn.VPNActivity
eu.cyben.guard.ui.dashboard.DashboardActivity_GeneratedInjector
eu.cyben.guard.data.api.ApiModule_ProvideRetrofitFactory
eu.cyben.guard.data.models.ErrorResponse
eu.cyben.guard.data.api.ApiModule
eu.cyben.guard.data.api.SubscribeRequest
eu.cyben.guard.data.models.ProhmedConsultRequest
eu.cyben.guard.data.api.MessageResponse
eu.cyben.guard.data.models.AnalyzeResponse
eu.cyben.guard.ui.dashboard.DashboardActivity
eu.cyben.guard.CybenGuardApp_GeneratedInjector
eu.cyben.guard.data.models.GuardAuthResponse: java.lang.String error
eu.cyben.guard.data.api.ApiModule: eu.cyben.guard.data.api.ApiModule INSTANCE
eu.cyben.guard.data.models.ProhmedConsult: java.lang.String status
eu.cyben.guard.data.models.ProhmedActivateRequest: java.lang.String fiscalCode
eu.cyben.guard.data.models.ProhmedActivateRequest: java.lang.String name
eu.cyben.guard.data.models.GuardAuthResponse: java.lang.String token
eu.cyben.guard.data.models.ProhmedConsult: java.lang.String description
eu.cyben.guard.data.models.ProhmedConsultResponse: java.lang.String consultId
eu.cyben.guard.data.api.LoginRequest: java.lang.String password
eu.cyben.guard.data.api.ImageAnalyzeRequest: java.lang.String type
eu.cyben.guard.data.api.ImageAnalyzeRequest: java.lang.String preferredLanguage
eu.cyben.guard.data.api.ApiModule_ProvideOkHttpClientFactory: javax.inject.Provider tokenManagerProvider
eu.cyben.guard.data.models.CriticalRequestResponse: java.lang.Integer id
eu.cyben.guard.data.api.AnalyzeRequest: java.util.List chatHistory
eu.cyben.guard.data.models.BillingPortalResponse: java.lang.String error
eu.cyben.guard.data.models.SubscribeResponse: java.lang.String error
...
com.google.android.material.button.MaterialButton: android.content.res.ColorStateList getRippleColor()
androidx.appcompat.widget.ActionBarContextView: void setSubtitle(java.lang.CharSequence)
com.google.android.material.chip.Chip: void setChipIconSizeResource(int)
com.google.android.gms.internal.measurement.zzfi$zzd$zzb: com.google.android.gms.internal.measurement.zzfi$zzd$zzb[] values()
androidx.appcompat.widget.AppCompatAutoCompleteTextView: android.view.ActionMode$Callback getCustomSelectionActionModeCallback()
androidx.recyclerview.widget.RecyclerView: void setOnScrollListener(androidx.recyclerview.widget.RecyclerView$OnScrollListener)
com.google.android.material.button.MaterialButtonToggleGroup: int getLastVisibleChildIndex()
androidx.fragment.app.FragmentContainerView: void setLayoutTransition(android.animation.LayoutTransition)
androidx.core.app.NotificationCompat$Builder$Api21Impl: android.media.AudioAttributes$Builder createBuilder()
androidx.appcompat.widget.ContentFrameLayout: android.util.TypedValue getFixedHeightMinor()
com.google.android.material.snackbar.BaseTransientBottomBar$SnackbarBaseLayout: void setBackground(android.graphics.drawable.Drawable)
androidx.core.view.WindowInsetsCompat$BuilderImpl: androidx.core.view.WindowInsetsCompat build()
androidx.activity.OnBackPressedDispatcher$Api33Impl: void registerOnBackInvokedCallback(java.lang.Object,int,java.lang.Object)
com.google.crypto.tink.KeyTemplate$OutputPrefixType: com.google.crypto.tink.KeyTemplate$OutputPrefixType[] values()
com.google.android.material.datepicker.MaterialTextInputPicker: MaterialTextInputPicker()
com.google.android.material.chip.Chip: void setCheckedIconTint(android.content.res.ColorStateList)
com.google.android.material.textfield.TextInputLayout: void setSuffixText(java.lang.CharSequence)
com.google.android.material.textfield.TextInputLayout: void setPlaceholderTextAppearance(int)
com.google.android.material.textfield.TextInputLayout: void setBoxStrokeWidthFocused(int)
androidx.core.view.ViewCompat$Api26Impl: android.view.View keyboardNavigationClusterSearch(android.view.View,android.view.View,int)
com.google.mlkit.vision.barcode.bundled.internal.ThickBarcodeScannerCreator: com.google.android.gms.internal.mlkit_vision_barcode_bundled.zzbl newBarcodeScanner(com.google.android.gms.dynamic.IObjectWrapper,com.google.android.gms.internal.mlkit_vision_barcode_bundled.zzbc)
com.google.firebase.installations.remote.TokenResult$ResponseCode: com.google.firebase.installations.remote.TokenResult$ResponseCode[] values()
com.google.android.material.textfield.TextInputLayout: void setExpandedHintEnabled(boolean)
androidx.core.view.ViewCompat$Api21Impl$1: ViewCompat$Api21Impl$1(android.view.View,androidx.core.view.OnApplyWindowInsetsListener)
com.google.android.material.checkbox.MaterialCheckBox: android.graphics.drawable.Drawable getButtonDrawable()
androidx.core.view.DisplayCutoutCompat$Api28Impl: java.util.List getBoundingRects(android.view.DisplayCutout)
androidx.appcompat.widget.AppCompatMultiAutoCompleteTextView: void setSupportCompoundDrawablesTintMode(android.graphics.PorterDuff$Mode)
androidx.core.view.ViewCompat$Api29Impl: android.view.contentcapture.ContentCaptureSession getContentCaptureSession(android.view.View)
com.google.android.material.button.MaterialButton: android.content.res.ColorStateList getSupportBackgroundTintList()
androidx.core.view.ViewCompat$Api28Impl: void setAccessibilityPaneTitle(android.view.View,java.lang.CharSequence)
androidx.privacysandbox.ads.adservices.java.measurement.MeasurementManagerFutures$Api33Ext5JavaImpl: com.google.common.util.concurrent.ListenableFuture registerWebSourceAsync(androidx.privacysandbox.ads.adservices.measurement.WebSourceRegistrationRequest)
com.google.android.material.radiobutton.MaterialRadioButton: android.content.res.ColorStateList getMaterialThemeColorsTintList()
androidx.core.view.WindowInsetsCompat$Impl20: void setRootViewData(androidx.core.graphics.Insets)