app/build/outputs/mapping/release/usage.txt
eu.cyben.guard.BuildConfig
eu.cyben.guard.CybenGuardApp_ComponentTreeDeps
eu.cyben.guard.CybenGuardApp_HiltComponents$ActivityC$Builder
eu.cyben.guard.CybenGuardApp_HiltComponents$ActivityCBuilderModule
eu.cyben.guard.CybenGuardApp_HiltComponents$ActivityRetainedC$Builder
eu.cyben.guard.CybenGuardApp_HiltComponents$ActivityRetainedCBuilderModule
eu.cyben.guard.CybenGuardApp_HiltComponents$FragmentC$Builder
eu.cyben.guard.CybenGuardApp_HiltComponents$FragmentC
eu.cyben.guard.CybenGuardApp_HiltComponents$FragmentCBuilderModule
eu.cyben.guard.CybenGuardApp_HiltComponents$ServiceC$Builder
eu.cyben.guard.CybenGuardApp_HiltComponents$ServiceC
eu.cyben.guard.CybenGuardApp_HiltComponents$ServiceCBuilderModule
eu.cyben.guard.CybenGuardApp_HiltComponents$ViewC$Builder
eu.cyben.guard.CybenGuardApp_HiltComponents$ViewC
eu.cyben.guard.CybenGuardApp_HiltComponents$ViewCBuilderModule
eu.cyben.guard.CybenGuardApp_HiltComponents$ViewModelC$Builder
eu.cyben.guard.CybenGuardApp_HiltComponents$ViewModelC
eu.cyben.guard.CybenGuardApp_HiltComponents$ViewModelCBuilderModule
eu.cyben.guard.CybenGuardApp_HiltComponents$ViewWithFragmentC$Builder
eu.cyben.guard.CybenGuardApp_HiltComponents$ViewWithFragmentC
eu.cyben.guard.CybenGuardApp_HiltComponents$ViewWithFragmentCBuilderModule
eu.cyben.guard.CybenGuardApp_HiltComponents
eu.cyben.guard.DaggerCybenGuardApp_HiltComponents_SingletonC$ActivityCImpl:
    public dagger.hilt.android.internal.builders.FragmentComponentBuilder fragmentComponentBuilder()
    public dagger.hilt.android.internal.lifecycle.DefaultViewModelFactories$InternalFactoryFactory getHiltInternalFactoryFactory()
    public dagger.hilt.android.internal.builders.ViewModelComponentBuilder getViewModelComponentBuilder()
    public java.util.Map getViewModelKeys()
    public void injectProhmedActivity(eu.cyben.guard.ui.prohmed.ProhmedActivity)
    private eu.cyben.guard.ui.prohmed.ProhmedActivity injectProhmedActivity2(eu.cyben.guard.ui.prohmed.ProhmedActivity)
    public dagger.hilt.android.internal.builders.ViewComponentBuilder viewComponentBuilder()
eu.cyben.guard.DaggerCybenGuardApp_HiltComponents_SingletonC$FragmentCBuilder
eu.cyben.guard.DaggerCybenGuardApp_HiltComponents_SingletonC$FragmentCImpl
eu.cyben.guard.DaggerCybenGuardApp_HiltComponents_SingletonC$ServiceCBuilder
eu.cyben.guard.DaggerCybenGuardApp_HiltComponents_SingletonC$ServiceCImpl
eu.cyben.guard.DaggerCybenGuardApp_HiltComponents_SingletonC$SingletonCImpl:
    public java.util.Set getDisableFragmentGetContextFix()
    public dagger.hilt.android.internal.builders.ServiceComponentBuilder serviceComponentBuilder()
eu.cyben.guard.DaggerCybenGuardApp_HiltComponents_SingletonC$ViewCBuilder
eu.cyben.guard.DaggerCybenGuardApp_HiltComponents_SingletonC$ViewCImpl
eu.cyben.guard.DaggerCybenGuardApp_HiltComponents_SingletonC$ViewModelCBuilder
eu.cyben.guard.DaggerCybenGuardApp_HiltComponents_SingletonC$ViewModelCImpl
eu.cyben.guard.DaggerCybenGuardApp_HiltComponents_SingletonC$ViewWithFragmentCBuilder
eu.cyben.guard.DaggerCybenGuardApp_HiltComponents_SingletonC$ViewWithFragmentCImpl
eu.cyben.guard.DaggerCybenGuardApp_HiltComponents_SingletonC:
    private void <init>()
eu.cyben.guard.Hilt_CybenGuardApp:
    public synthetic bridge dagger.hilt.internal.GeneratedComponentManager componentManager()
eu.cyben.guard.R$color:
    public static int background
    public static int background_dark
    public static int black
    public static int bubble_ai
    public static int bubble_user
    public static int cyben_card
    public static int cyben_dark
    public static int cyben_orange
    public static int cyben_surface
    public static int status_danger
    public static int status_safe
    public static int status_warning
    public static int surface_variant
    public static int text_secondary
    public static int text_tertiary
    public static int white
    private void <init>()
...
kotlin.ExceptionsKt:
    private void <init>()
kotlin.ExceptionsKt__ExceptionsKt:
    public void <init>()
    public static final java.lang.StackTraceElement[] getStackTrace(java.lang.Throwable)
    public static synthetic void getStackTrace$annotations(java.lang.Throwable)
    public static final java.util.List getSuppressedExceptions(java.lang.Throwable)
    public static synthetic void getSuppressedExceptions$annotations(java.lang.Throwable)
    private static final void printStackTrace(java.lang.Throwable)
    private static final void printStackTrace(java.lang.Throwable,java.io.PrintStream)
    private static final void printStackTrace(java.lang.Throwable,java.io.PrintWriter)
    public static final java.lang.String stackTraceToString(java.lang.Throwable)
kotlin.ExperimentalMultiplatform
kotlin.ExperimentalStdlibApi
kotlin.ExperimentalSubclassOptIn
kotlin.ExperimentalUnsignedTypes
kotlin.ExtensionFunctionType
kotlin.HashCodeKt
kotlin.InitializedLazyImpl
kotlin.KotlinNothingValueException:
    public void <init>(java.lang.String)
    public void <init>(java.lang.String,java.lang.Throwable)
    public void <init>(java.lang.Throwable)
kotlin.KotlinVersion:
    public static final int MAX_COMPONENT_VALUE
    public void <init>(int,int)
    public final int getMajor()
    public final int getMinor()
    public final int getPatch()
    public final boolean isAtLeast(int,int)
    public final boolean isAtLeast(int,int,int)
kotlin.LateinitKt
kotlin.Lazy:
    public abstract boolean isInitialized()
kotlin.LazyKt:
    private void <init>()
kotlin.LazyKt__LazyJVMKt$WhenMappings
kotlin.LazyKt__LazyJVMKt:
    public void <init>()
    public static final kotlin.Lazy lazy(java.lang.Object,kotlin.jvm.functions.Function0)
    public static final kotlin.Lazy lazy(kotlin.LazyThreadSafetyMode,kotlin.jvm.functions.Function0)
kotlin.LazyKt__LazyKt:
    public void <init>()
    private static final java.lang.Object getValue(kotlin.Lazy,java.lang.Object,kotlin.reflect.KProperty)
    public static final kotlin.Lazy lazyOf(java.lang.Object)
kotlin.LazyThreadSafetyMode
kotlin.Metadata$DefaultImpls
kotlin.Metadata
kotlin.NoWhenBranchMatchedException:
    public void <init>(java.lang.String)
    public void <init>(java.lang.String,java.lang.Throwable)
    public void <init>(java.lang.Throwable)
kotlin.NotImplementedError
kotlin.NumbersKt
kotlin.NumbersKt__BigDecimalsKt
kotlin.NumbersKt__BigIntegersKt
kotlin.NumbersKt__FloorDivModKt
kotlin.NumbersKt__NumbersJVMKt
kotlin.NumbersKt__NumbersKt
kotlin.OptIn
kotlin.OptionalExpectation
kotlin.OverloadResolutionByLambdaReturnType
kotlin.Pair:
    public final kotlin.Pair copy(java.lang.Object,java.lang.Object)
    public static synthetic kotlin.Pair copy$default(kotlin.Pair,java.lang.Object,java.lang.Object,int,java.lang.Object)
kotlin.ParameterName
kotlin.PreconditionsKt
kotlin.PreconditionsKt__AssertionsJVMKt
kotlin.PreconditionsKt__PreconditionsKt
kotlin.PropertyReferenceDelegatesKt
kotlin.PublishedApi
kotlin.ReplaceWith
kotlin.RequiresOptIn$Level
kotlin.RequiresOptIn
kotlin.Result$Companion:
    private final java.lang.Object failure(java.lang.Throwable)
    private final java.lang.Object success(java.lang.Object)
kotlin.Result:
    private final java.lang.Object value
    private synthetic void <init>(java.lang.Object)
    public static final synthetic kotlin.Result box-impl(java.lang.Object)
    public boolean equals(java.lang.Object)
    public static boolean equals-impl(java.lang.Object,java.lang.Object)
    public static final boolean equals-impl0(java.lang.Object,java.lang.Object)
    private static final java.lang.Object getOrNull-impl(java.lang.Object)
    public static synthetic void getValue$annotations()
    public int hashCode()
    public static int hashCode-impl(java.lang.Object)
    public java.lang.String toString()
    public static java.lang.String toString-impl(java.lang.Object)
    public final synthetic java.lang.Object unbox-impl()